<?xml version="1.0" encoding="UTF-8"?>
<!-- Generated by org.testng.reporters.JUnitReportReporter -->
<testsuite skipped="0" hostname="Nandhinis-MBP" name="com.almosafer.automation.TC_E2E_SearchTheCheapestFlightForTravel" tests="1" failures="0" timestamp="2022-09-07T09:40:31 GST" time="87.456" errors="0">
  <testcase name="verifyAndSearchTheCheapestFlightForTravel" time="87.456" classname="com.almosafer.automation.TC_E2E_SearchTheCheapestFlightForTravel"/>
  <system-out/>
</testsuite> <!-- com.almosafer.automation.TC_E2E_SearchTheCheapestFlightForTravel -->
